2024-12-09T15:06:01.672Z error: error | Error: error
    at /Users/giuseppecino/Desktop/akademie/JS-Kurs/1Projekte/cms-blog/backend/src/index.ts:27:9
    at newFn (/Users/giuseppecino/Desktop/akademie/JS-Kurs/1Projekte/cms-blog/backend/node_modules/express-async-errors/index.js:16:20)
    at Layer.handle [as handle_request] (/Users/giuseppecino/Desktop/akademie/JS-Kurs/1Projekte/cms-blog/backend/node_modules/express/lib/router/layer.js:95:5)
    at next (/Users/giuseppecino/Desktop/akademie/JS-Kurs/1Projekte/cms-blog/backend/node_modules/express/lib/router/route.js:149:13)
    at Route.dispatch (/Users/giuseppecino/Desktop/akademie/JS-Kurs/1Projekte/cms-blog/backend/node_modules/express/lib/router/route.js:119:3)
    at newFn (/Users/giuseppecino/Desktop/akademie/JS-Kurs/1Projekte/cms-blog/backend/node_modules/express-async-errors/index.js:16:20)
    at Layer.handle [as handle_request] (/Users/giuseppecino/Desktop/akademie/JS-Kurs/1Projekte/cms-blog/backend/node_modules/express/lib/router/layer.js:95:5)
    at /Users/giuseppecino/Desktop/akademie/JS-Kurs/1Projekte/cms-blog/backend/node_modules/express/lib/router/index.js:284:15
    at Function.process_params (/Users/giuseppecino/Desktop/akademie/JS-Kurs/1Projekte/cms-blog/backend/node_modules/express/lib/router/index.js:346:12)
    at next (/Users/giuseppecino/Desktop/akademie/JS-Kurs/1Projekte/cms-blog/backend/node_modules/express/lib/router/index.js:280:10)
2024-12-09T15:08:55.148Z error: Category_1.Category.findAlll is not a function | TypeError: Category_1.Category.findAlll is not a function
    at /Users/giuseppecino/Desktop/akademie/JS-Kurs/1Projekte/cms-blog/backend/src/index.ts:29:18
    at Generator.next (<anonymous>)
    at /Users/giuseppecino/Desktop/akademie/JS-Kurs/1Projekte/cms-blog/backend/src/index.ts:8:71
    at new Promise (<anonymous>)
    at __awaiter (/Users/giuseppecino/Desktop/akademie/JS-Kurs/1Projekte/cms-blog/backend/src/index.ts:4:12)
    at /Users/giuseppecino/Desktop/akademie/JS-Kurs/1Projekte/cms-blog/backend/src/index.ts:27:33
    at newFn (/Users/giuseppecino/Desktop/akademie/JS-Kurs/1Projekte/cms-blog/backend/node_modules/express-async-errors/index.js:16:20)
    at Layer.handle [as handle_request] (/Users/giuseppecino/Desktop/akademie/JS-Kurs/1Projekte/cms-blog/backend/node_modules/express/lib/router/layer.js:95:5)
    at next (/Users/giuseppecino/Desktop/akademie/JS-Kurs/1Projekte/cms-blog/backend/node_modules/express/lib/router/route.js:149:13)
    at Route.dispatch (/Users/giuseppecino/Desktop/akademie/JS-Kurs/1Projekte/cms-blog/backend/node_modules/express/lib/router/route.js:119:3)
